<?xml version="1.0" encoding="UTF-8"?>
<con:testCase id="de9dde51-5f13-4433-9508-a5fc296a9960" discardOkResults="false" failOnError="false" failTestCaseOnErrors="true" keepSession="false" name="Test Case 1" searchProperties="true" timeout="0" xmlns:con="http://eviware.com/soapui/config">
  <con:settings>
    <con:setting id="IncludeOverview">true</con:setting>
    <con:setting id="IncludeResults">true</con:setting>
    <con:setting id="FlowLayout">false</con:setting>
    <con:setting id="ErrorDetails">true</con:setting>
    <con:setting id="IncludeCoverage">true</con:setting>
    <con:setting id="de9dde51-5f13-4433-9508-a5fc296a9960fileName">Test-Case-1</con:setting>
  </con:settings>
  <con:testStep type="datasource" name="Data Source" id="7239eaaf-e991-49b1-98c2-634cad66fbc0">
    <con:settings/>
    <con:config xsi:type="con:DataSourceStep" xmlns:xsi="http://www.w3.org/2001/XMLSchema-instance">
      <con:dataSource type="Excel">
        <con:configuration>
          <file>C:/Users/sarah.souza/OneDrive - SmartBear Software, Inc/Excel/NicCageMovies.xlsx</file>
          <worksheet/>
          <cell>A1</cell>
          <ignoreEmpty>false</ignoreEmpty>
          <evaluateFormulas>false</evaluateFormulas>
        </con:configuration>
      </con:dataSource>
      <con:shared>true</con:shared>
      <con:restartShared>true</con:restartShared>
      <con:property>Movie Title</con:property>
      <con:startRow>1</con:startRow>
      <con:endRow/>
      <con:recordsPerIteration>1</con:recordsPerIteration>
      <con:completeLastOperation>true</con:completeLastOperation>
      <con:trimValues>false</con:trimValues>
      <con:entitizeValues>false</con:entitizeValues>
      <con:restartOnRun>true</con:restartOnRun>
      <con:expandProperties>false</con:expandProperties>
      <con:stopDatasourceExhausted>false</con:stopDatasourceExhausted>
    </con:config>
  </con:testStep>
  <con:testStep type="restrequest" name="GetMovieByTitle" id="2bacdf99-e5c9-4283-888c-4fe3482d0c3b">
    <con:settings/>
    <con:config service="OMDb API" resourcePath="/?t" methodName="getTitle" xsi:type="con:RestRequestStep" xmlns:xsi="http://www.w3.org/2001/XMLSchema-instance">
      <con:restRequest name="GetMovieByTitle" id="afb88b7d-b154-4dd1-a504-d816ee817084" mediaType="application/json">
        <con:settings>
          <con:setting id="com.eviware.soapui.impl.wsdl.WsdlRequest@request-headers">&lt;xml-fragment/></con:setting>
        </con:settings>
        <con:endpoint>http://omdbapi.com</con:endpoint>
        <con:request/>
        <con:originalUri>http://omdbapi.com/</con:originalUri>
        <con:assertion type="Valid HTTP Status Codes" id="738c16f7-1106-4cd2-b5f4-72edbcceaded" name="Valid HTTP Status Codes">
          <con:settings/>
          <con:configuration>
            <codes>200</codes>
          </con:configuration>
        </con:assertion>
        <con:assertion type="Response SLA Assertion" id="37993342-c342-4681-9274-2a5503c56ed1" name="Response SLA">
          <con:configuration>
            <SLA>200</SLA>
          </con:configuration>
        </con:assertion>
        <con:assertion type="DataAndMetadataAssertion" id="7a7429a1-86ca-4381-a581-5108a11125a5" name="Smart Assertion">
          <con:configuration xsi:type="con:DataAndMetadataAssertion">
            <con:mode>Received Data</con:mode>
            <con:elements>
              <con:path>$['Title']</con:path>
              <con:element>Title</con:element>
              <con:operatorId>1</con:operatorId>
              <con:enabled>false</con:enabled>
              <con:expectedValue>Indiana Jones and the Last Crusade</con:expectedValue>
              <con:caseSensitive>true</con:caseSensitive>
              <con:numberType>false</con:numberType>
              <con:expectedDataType>1</con:expectedDataType>
            </con:elements>
            <con:elements>
              <con:path>$['Year']</con:path>
              <con:element>Year</con:element>
              <con:operatorId>1</con:operatorId>
              <con:enabled>false</con:enabled>
              <con:expectedValue>1989</con:expectedValue>
              <con:caseSensitive>true</con:caseSensitive>
              <con:numberType>false</con:numberType>
              <con:expectedDataType>1</con:expectedDataType>
            </con:elements>
            <con:elements>
              <con:path>$['Rated']</con:path>
              <con:element>Rated</con:element>
              <con:operatorId>1</con:operatorId>
              <con:enabled>false</con:enabled>
              <con:expectedValue>PG-13</con:expectedValue>
              <con:caseSensitive>true</con:caseSensitive>
              <con:numberType>false</con:numberType>
              <con:expectedDataType>1</con:expectedDataType>
            </con:elements>
            <con:elements>
              <con:path>$['Released']</con:path>
              <con:element>Released</con:element>
              <con:operatorId>1</con:operatorId>
              <con:enabled>false</con:enabled>
              <con:expectedValue>24 May 1989</con:expectedValue>
              <con:caseSensitive>true</con:caseSensitive>
              <con:numberType>false</con:numberType>
              <con:expectedDataType>1</con:expectedDataType>
            </con:elements>
            <con:elements>
              <con:path>$['Runtime']</con:path>
              <con:element>Runtime</con:element>
              <con:operatorId>1</con:operatorId>
              <con:enabled>false</con:enabled>
              <con:expectedValue>127 min</con:expectedValue>
              <con:caseSensitive>true</con:caseSensitive>
              <con:numberType>false</con:numberType>
              <con:expectedDataType>1</con:expectedDataType>
            </con:elements>
            <con:elements>
              <con:path>$['Genre']</con:path>
              <con:element>Genre</con:element>
              <con:operatorId>1</con:operatorId>
              <con:enabled>false</con:enabled>
              <con:expectedValue>Action, Adventure</con:expectedValue>
              <con:caseSensitive>true</con:caseSensitive>
              <con:numberType>false</con:numberType>
              <con:expectedDataType>1</con:expectedDataType>
            </con:elements>
            <con:elements>
              <con:path>$['Director']</con:path>
              <con:element>Director</con:element>
              <con:operatorId>1</con:operatorId>
              <con:enabled>false</con:enabled>
              <con:expectedValue>Steven Spielberg</con:expectedValue>
              <con:caseSensitive>true</con:caseSensitive>
              <con:numberType>false</con:numberType>
              <con:expectedDataType>1</con:expectedDataType>
            </con:elements>
            <con:elements>
              <con:path>$['Writer']</con:path>
              <con:element>Writer</con:element>
              <con:operatorId>1</con:operatorId>
              <con:enabled>false</con:enabled>
              <con:expectedValue>Jeffrey Boam, George Lucas, Menno Meyjes</con:expectedValue>
              <con:caseSensitive>true</con:caseSensitive>
              <con:numberType>false</con:numberType>
              <con:expectedDataType>1</con:expectedDataType>
            </con:elements>
            <con:elements>
              <con:path>$['Actors']</con:path>
              <con:element>Actors</con:element>
              <con:operatorId>13</con:operatorId>
              <con:enabled>true</con:enabled>
              <con:expectedValue>${#TestCase#TC_Actor}</con:expectedValue>
              <con:caseSensitive>true</con:caseSensitive>
              <con:numberType>false</con:numberType>
              <con:expectedDataType>1</con:expectedDataType>
            </con:elements>
            <con:elements>
              <con:path>$['Plot']</con:path>
              <con:element>Plot</con:element>
              <con:operatorId>1</con:operatorId>
              <con:enabled>false</con:enabled>
              <con:expectedValue>In 1938, after his father goes missing while pursuing the Holy Grail, Indiana Jones finds himself up against the Nazis again to stop them from obtaining its powers.</con:expectedValue>
              <con:caseSensitive>true</con:caseSensitive>
              <con:numberType>false</con:numberType>
              <con:expectedDataType>1</con:expectedDataType>
            </con:elements>
            <con:elements>
              <con:path>$['Language']</con:path>
              <con:element>Language</con:element>
              <con:operatorId>1</con:operatorId>
              <con:enabled>false</con:enabled>
              <con:expectedValue>English, German, Greek, Arabic</con:expectedValue>
              <con:caseSensitive>true</con:caseSensitive>
              <con:numberType>false</con:numberType>
              <con:expectedDataType>1</con:expectedDataType>
            </con:elements>
            <con:elements>
              <con:path>$['Country']</con:path>
              <con:element>Country</con:element>
              <con:operatorId>1</con:operatorId>
              <con:enabled>false</con:enabled>
              <con:expectedValue>United States</con:expectedValue>
              <con:caseSensitive>true</con:caseSensitive>
              <con:numberType>false</con:numberType>
              <con:expectedDataType>1</con:expectedDataType>
            </con:elements>
            <con:elements>
              <con:path>$['Awards']</con:path>
              <con:element>Awards</con:element>
              <con:operatorId>1</con:operatorId>
              <con:enabled>false</con:enabled>
              <con:expectedValue>Won 1 Oscar. 8 wins &amp; 22 nominations total</con:expectedValue>
              <con:caseSensitive>true</con:caseSensitive>
              <con:numberType>false</con:numberType>
              <con:expectedDataType>1</con:expectedDataType>
            </con:elements>
            <con:elements>
              <con:path>$['Poster']</con:path>
              <con:element>Poster</con:element>
              <con:operatorId>1</con:operatorId>
              <con:enabled>false</con:enabled>
              <con:expectedValue>https://m.media-amazon.com/images/M/MV5BY2Q0ODg4ZmItNDZiYi00ZWY5LTg2NzctNmYwZjA5OThmNzE1XkEyXkFqcGdeQXVyMjM4MzQ4OTQ@._V1_SX300.jpg</con:expectedValue>
              <con:caseSensitive>true</con:caseSensitive>
              <con:numberType>false</con:numberType>
              <con:expectedDataType>1</con:expectedDataType>
            </con:elements>
            <con:elements>
              <con:path>$['Ratings'][0]['Source']</con:path>
              <con:element>Source</con:element>
              <con:operatorId>1</con:operatorId>
              <con:enabled>false</con:enabled>
              <con:expectedValue>Internet Movie Database</con:expectedValue>
              <con:caseSensitive>true</con:caseSensitive>
              <con:numberType>false</con:numberType>
              <con:expectedDataType>1</con:expectedDataType>
            </con:elements>
            <con:elements>
              <con:path>$['Ratings'][0]['Value']</con:path>
              <con:element>Value</con:element>
              <con:operatorId>1</con:operatorId>
              <con:enabled>false</con:enabled>
              <con:expectedValue>8.2/10</con:expectedValue>
              <con:caseSensitive>true</con:caseSensitive>
              <con:numberType>false</con:numberType>
              <con:expectedDataType>1</con:expectedDataType>
            </con:elements>
            <con:elements>
              <con:path>$['Ratings'][1]['Source']</con:path>
              <con:element>Source</con:element>
              <con:operatorId>1</con:operatorId>
              <con:enabled>false</con:enabled>
              <con:expectedValue>Rotten Tomatoes</con:expectedValue>
              <con:caseSensitive>true</con:caseSensitive>
              <con:numberType>false</con:numberType>
              <con:expectedDataType>1</con:expectedDataType>
            </con:elements>
            <con:elements>
              <con:path>$['Ratings'][1]['Value']</con:path>
              <con:element>Value</con:element>
              <con:operatorId>1</con:operatorId>
              <con:enabled>false</con:enabled>
              <con:expectedValue>88%</con:expectedValue>
              <con:caseSensitive>true</con:caseSensitive>
              <con:numberType>false</con:numberType>
              <con:expectedDataType>1</con:expectedDataType>
            </con:elements>
            <con:elements>
              <con:path>$['Ratings'][2]['Source']</con:path>
              <con:element>Source</con:element>
              <con:operatorId>1</con:operatorId>
              <con:enabled>false</con:enabled>
              <con:expectedValue>Metacritic</con:expectedValue>
              <con:caseSensitive>true</con:caseSensitive>
              <con:numberType>false</con:numberType>
              <con:expectedDataType>1</con:expectedDataType>
            </con:elements>
            <con:elements>
              <con:path>$['Ratings'][2]['Value']</con:path>
              <con:element>Value</con:element>
              <con:operatorId>1</con:operatorId>
              <con:enabled>false</con:enabled>
              <con:expectedValue>65/100</con:expectedValue>
              <con:caseSensitive>true</con:caseSensitive>
              <con:numberType>false</con:numberType>
              <con:expectedDataType>1</con:expectedDataType>
            </con:elements>
            <con:elements>
              <con:path>$['Metascore']</con:path>
              <con:element>Metascore</con:element>
              <con:operatorId>1</con:operatorId>
              <con:enabled>false</con:enabled>
              <con:expectedValue>65</con:expectedValue>
              <con:caseSensitive>true</con:caseSensitive>
              <con:numberType>false</con:numberType>
              <con:expectedDataType>1</con:expectedDataType>
            </con:elements>
            <con:elements>
              <con:path>$['imdbRating']</con:path>
              <con:element>imdbRating</con:element>
              <con:operatorId>1</con:operatorId>
              <con:enabled>false</con:enabled>
              <con:expectedValue>8.2</con:expectedValue>
              <con:caseSensitive>true</con:caseSensitive>
              <con:numberType>false</con:numberType>
              <con:expectedDataType>1</con:expectedDataType>
            </con:elements>
            <con:elements>
              <con:path>$['imdbVotes']</con:path>
              <con:element>imdbVotes</con:element>
              <con:operatorId>1</con:operatorId>
              <con:enabled>false</con:enabled>
              <con:expectedValue>765,947</con:expectedValue>
              <con:caseSensitive>true</con:caseSensitive>
              <con:numberType>false</con:numberType>
              <con:expectedDataType>1</con:expectedDataType>
            </con:elements>
            <con:elements>
              <con:path>$['imdbID']</con:path>
              <con:element>imdbID</con:element>
              <con:operatorId>1</con:operatorId>
              <con:enabled>false</con:enabled>
              <con:expectedValue>tt0097576</con:expectedValue>
              <con:caseSensitive>true</con:caseSensitive>
              <con:numberType>false</con:numberType>
              <con:expectedDataType>1</con:expectedDataType>
            </con:elements>
            <con:elements>
              <con:path>$['Type']</con:path>
              <con:element>Type</con:element>
              <con:operatorId>1</con:operatorId>
              <con:enabled>false</con:enabled>
              <con:expectedValue>movie</con:expectedValue>
              <con:caseSensitive>true</con:caseSensitive>
              <con:numberType>false</con:numberType>
              <con:expectedDataType>1</con:expectedDataType>
            </con:elements>
            <con:elements>
              <con:path>$['DVD']</con:path>
              <con:element>DVD</con:element>
              <con:operatorId>1</con:operatorId>
              <con:enabled>false</con:enabled>
              <con:expectedValue>13 May 2008</con:expectedValue>
              <con:caseSensitive>true</con:caseSensitive>
              <con:numberType>false</con:numberType>
              <con:expectedDataType>1</con:expectedDataType>
            </con:elements>
            <con:elements>
              <con:path>$['BoxOffice']</con:path>
              <con:element>BoxOffice</con:element>
              <con:operatorId>1</con:operatorId>
              <con:enabled>false</con:enabled>
              <con:expectedValue>$197,171,806</con:expectedValue>
              <con:caseSensitive>true</con:caseSensitive>
              <con:numberType>false</con:numberType>
              <con:expectedDataType>1</con:expectedDataType>
            </con:elements>
            <con:elements>
              <con:path>$['Production']</con:path>
              <con:element>Production</con:element>
              <con:operatorId>1</con:operatorId>
              <con:enabled>false</con:enabled>
              <con:expectedValue>N/A</con:expectedValue>
              <con:caseSensitive>true</con:caseSensitive>
              <con:numberType>false</con:numberType>
              <con:expectedDataType>1</con:expectedDataType>
            </con:elements>
            <con:elements>
              <con:path>$['Website']</con:path>
              <con:element>Website</con:element>
              <con:operatorId>1</con:operatorId>
              <con:enabled>false</con:enabled>
              <con:expectedValue>N/A</con:expectedValue>
              <con:caseSensitive>true</con:caseSensitive>
              <con:numberType>false</con:numberType>
              <con:expectedDataType>1</con:expectedDataType>
            </con:elements>
            <con:elements>
              <con:path>$['Response']</con:path>
              <con:element>Response</con:element>
              <con:operatorId>1</con:operatorId>
              <con:enabled>false</con:enabled>
              <con:expectedValue>True</con:expectedValue>
              <con:caseSensitive>true</con:caseSensitive>
              <con:numberType>false</con:numberType>
              <con:expectedDataType>1</con:expectedDataType>
            </con:elements>
            <con:originalMessage>{"Title":"Indiana Jones and the Last Crusade","Year":"1989","Rated":"PG-13","Released":"24 May 1989","Runtime":"127 min","Genre":"Action, Adventure","Director":"Steven Spielberg","Writer":"Jeffrey Boam, George Lucas, Menno Meyjes","Actors":"Harrison Ford, Sean Connery, Alison Doody","Plot":"In 1938, after his father goes missing while pursuing the Holy Grail, Indiana Jones finds himself up against the Nazis again to stop them from obtaining its powers.","Language":"English, German, Greek, Arabic","Country":"United States","Awards":"Won 1 Oscar. 8 wins &amp; 22 nominations total","Poster":"https://m.media-amazon.com/images/M/MV5BY2Q0ODg4ZmItNDZiYi00ZWY5LTg2NzctNmYwZjA5OThmNzE1XkEyXkFqcGdeQXVyMjM4MzQ4OTQ@._V1_SX300.jpg","Ratings":[{"Source":"Internet Movie Database","Value":"8.2/10"},{"Source":"Rotten Tomatoes","Value":"88%"},{"Source":"Metacritic","Value":"65/100"}],"Metascore":"65","imdbRating":"8.2","imdbVotes":"765,947","imdbID":"tt0097576","Type":"movie","DVD":"13 May 2008","BoxOffice":"$197,171,806","Production":"N/A","Website":"N/A","Response":"True"}</con:originalMessage>
          </con:configuration>
        </con:assertion>
        <con:credentials>
          <con:selectedAuthProfile>Inherit From Parent</con:selectedAuthProfile>
          <con:authType>No Authorization</con:authType>
        </con:credentials>
        <con:jmsConfig JMSDeliveryMode="PERSISTENT"/>
        <con:parameters>
          <con:entry key="t" value="${Data Source#Movie Title}"/>
          <con:entry key="apikey" value="fbfa51c9"/>
        </con:parameters>
        <con:parameterOrder>
          <con:entry>t</con:entry>
          <con:entry>y</con:entry>
          <con:entry>type</con:entry>
          <con:entry>plot</con:entry>
          <con:entry>r</con:entry>
          <con:entry>callback</con:entry>
          <con:entry>apikey</con:entry>
        </con:parameterOrder>
      </con:restRequest>
    </con:config>
  </con:testStep>
  <con:testStep type="restrequest" name="GetMovieByID" id="78180b10-6642-4b12-876b-d4796611e897">
    <con:settings/>
    <con:config service="OMDb API" methodName="getId" resourcePath="/?i" xsi:type="con:RestRequestStep" xmlns:xsi="http://www.w3.org/2001/XMLSchema-instance">
      <con:restRequest name="GetMovieByID" id="030ff9ca-7125-4d83-855b-e6d186235478" mediaType="application/json">
        <con:settings>
          <con:setting id="com.eviware.soapui.impl.wsdl.WsdlRequest@request-headers">&lt;xml-fragment/></con:setting>
        </con:settings>
        <con:encoding>UTF-8</con:encoding>
        <con:endpoint>http://omdbapi.com</con:endpoint>
        <con:request/>
        <con:originalUri>http://omdbapi.com/</con:originalUri>
        <con:assertion type="Valid HTTP Status Codes" id="a6628782-5885-472c-bbab-b6dcfc09004c" name="Valid HTTP Status Codes">
          <con:settings/>
          <con:configuration>
            <codes>200</codes>
          </con:configuration>
        </con:assertion>
        <con:assertion type="Response SLA Assertion" id="407c96a6-4a24-4d63-93e7-7c73b847a353" name="Response SLA">
          <con:configuration>
            <SLA>200</SLA>
          </con:configuration>
        </con:assertion>
        <con:assertion type="JsonPath Match" id="17de3927-9cb7-4dc6-85d5-a9736605af78" name="Match content of [Title]">
          <con:configuration>
            <path>$['Title']</path>
            <content>${GetMovieByTitle#Response#$['Title']}</content>
            <allowWildcards>false</allowWildcards>
            <ignoreNamspaceDifferences>false</ignoreNamspaceDifferences>
            <ignoreComments>false</ignoreComments>
          </con:configuration>
        </con:assertion>
        <con:credentials>
          <con:selectedAuthProfile>No Authorization</con:selectedAuthProfile>
          <con:authType>No Authorization</con:authType>
        </con:credentials>
        <con:jmsConfig JMSDeliveryMode="PERSISTENT"/>
        <con:parameters>
          <con:entry key="apikey" value="fbfa51c9"/>
          <con:entry key="i" value="${GetMovieByTitle#Response#$['imdbID']}"/>
        </con:parameters>
      </con:restRequest>
    </con:config>
  </con:testStep>
  <con:testStep type="delay" name="Delay" id="c992e73d-fcd4-40ce-9500-caa476c698a6">
    <con:settings/>
    <con:config>
      <delay>500</delay>
    </con:config>
  </con:testStep>
  <con:testStep type="datasourceloop" name="Data Source Loop" id="f698909c-32f9-4bc8-bbdb-0af7e55288aa">
    <con:settings/>
    <con:config>
      <dataSourceStep>Data Source</dataSourceStep>
      <targetStep>GetMovieByTitle</targetStep>
      <discardResults>false</discardResults>
    </con:config>
  </con:testStep>
  <con:properties>
    <con:property>
      <con:name>TC_Actor</con:name>
      <con:value>Nicolas Cage</con:value>
    </con:property>
  </con:properties>
  <con:reportParameters/>
  <con:breakPoints>
    <con:testStepId>7239eaaf-e991-49b1-98c2-634cad66fbc0</con:testStepId>
    <con:status>NONE</con:status>
    <con:properties/>
  </con:breakPoints>
  <con:breakPoints>
    <con:testStepId>2bacdf99-e5c9-4283-888c-4fe3482d0c3b</con:testStepId>
    <con:status>NONE</con:status>
    <con:properties/>
  </con:breakPoints>
  <con:breakPoints>
    <con:testStepId>78180b10-6642-4b12-876b-d4796611e897</con:testStepId>
    <con:status>NONE</con:status>
    <con:properties/>
  </con:breakPoints>
  <con:breakPoints>
    <con:testStepId>c992e73d-fcd4-40ce-9500-caa476c698a6</con:testStepId>
    <con:status>NONE</con:status>
    <con:properties/>
  </con:breakPoints>
  <con:breakPoints>
    <con:testStepId>f698909c-32f9-4bc8-bbdb-0af7e55288aa</con:testStepId>
    <con:status>NONE</con:status>
    <con:properties/>
  </con:breakPoints>
</con:testCase>
