<?xml version="1.0" encoding="UTF-8"?>
<con:testCase id="1d6ec4e6-087a-4936-ab08-381d011edea8" discardOkResults="false" failOnError="false" failTestCaseOnErrors="true" keepSession="false" name="Test Case 1" searchProperties="true" timeout="0" xmlns:con="http://eviware.com/soapui/config">
  <con:settings>
    <con:setting id="1d6ec4e6-087a-4936-ab08-381d011edea8fileName">Test-Case-1</con:setting>
  </con:settings>
  <con:testStep type="datasource" name="Data Source" id="c84a8874-3c62-4bac-8989-02d5bb25ffa0">
    <con:settings>
      <con:setting id="com.eviware.soapui.impl.wsdl.teststeps.datasource.DataSourceContainer@prepared-properties">&lt;xml-fragment/></con:setting>
    </con:settings>
    <con:config xsi:type="con:DataSourceStep" xmlns:xsi="http://www.w3.org/2001/XMLSchema-instance">
      <con:dataSource type="JSON">
        <con:configuration>
          <sourceStep/>
          <sourceProperty/>
          <rowPath/>
          <columnPath>{--Specify the values that will be used to assign data to properties. Use the Get Data button on the right or enter a JSONPath expression manually.--}</columnPath>
        </con:configuration>
      </con:dataSource>
      <con:shared>true</con:shared>
      <con:restartShared>true</con:restartShared>
      <con:restartOnRun>true</con:restartOnRun>
      <con:stopDatasourceExhausted>false</con:stopDatasourceExhausted>
    </con:config>
  </con:testStep>
  <con:properties/>
  <con:reportParameters/>
</con:testCase>
