<?xml version="1.0" encoding="UTF-8"?>
<con:testCase id="62842554-2e71-4cec-a01a-25e2b0cbfe2f" discardOkResults="false" failOnError="false" failTestCaseOnErrors="true" keepSession="false" name="Test Case 1" searchProperties="true" timeout="0" xmlns:con="http://eviware.com/soapui/config">
  <con:settings>
    <con:setting id="IncludeOverview">true</con:setting>
    <con:setting id="IncludeResults">true</con:setting>
    <con:setting id="FlowLayout">false</con:setting>
    <con:setting id="ErrorDetails">true</con:setting>
    <con:setting id="IncludeCoverage">true</con:setting>
    <con:setting id="62842554-2e71-4cec-a01a-25e2b0cbfe2ffileName">Test-Case-1</con:setting>
  </con:settings>
  <con:savedRecentRuns>4</con:savedRecentRuns>
  <con:testStep type="datasource" name="Data Source" id="f478d91e-a82f-44e2-87a6-07d6b62d3e20">
    <con:settings/>
    <con:config xsi:type="con:DataSourceStep" xmlns:xsi="http://www.w3.org/2001/XMLSchema-instance">
      <con:dataSource type="Excel">
        <con:configuration>
          <file>C:/Users/sarah.souza/OneDrive - SmartBear Software, Inc/Excel/NicCageMovies.xlsx</file>
          <worksheet/>
          <cell>A1</cell>
          <ignoreEmpty>false</ignoreEmpty>
          <evaluateFormulas>false</evaluateFormulas>
        </con:configuration>
      </con:dataSource>
      <con:shared>true</con:shared>
      <con:restartShared>true</con:restartShared>
      <con:property>Movie Title</con:property>
      <con:startRow>1</con:startRow>
      <con:endRow/>
      <con:recordsPerIteration>1</con:recordsPerIteration>
      <con:completeLastOperation>true</con:completeLastOperation>
      <con:trimValues>false</con:trimValues>
      <con:entitizeValues>false</con:entitizeValues>
      <con:restartOnRun>true</con:restartOnRun>
      <con:expandProperties>false</con:expandProperties>
      <con:stopDatasourceExhausted>false</con:stopDatasourceExhausted>
    </con:config>
  </con:testStep>
  <con:testStep type="restrequest" name="getMovieByTitle" id="30b8dc88-3fcf-444a-824d-045432317087">
    <con:settings/>
    <con:config service="OMDb API" resourcePath="/?t" methodName="getTitle" xsi:type="con:RestRequestStep" xmlns:xsi="http://www.w3.org/2001/XMLSchema-instance">
      <con:restRequest name="getMovieByTitle" id="ce567d3e-9b98-4226-b7ea-2f9262258b56" mediaType="application/json">
        <con:settings>
          <con:setting id="com.eviware.soapui.impl.wsdl.WsdlRequest@request-headers">&lt;xml-fragment/></con:setting>
        </con:settings>
        <con:endpoint>http://omdbapi.com</con:endpoint>
        <con:request/>
        <con:originalUri>http://omdbapi.com/</con:originalUri>
        <con:assertion type="Valid HTTP Status Codes" id="34d0f320-1d6b-415c-b300-dc9a88a73572" name="Valid HTTP Status Codes">
          <con:settings/>
          <con:configuration>
            <codes>200</codes>
          </con:configuration>
        </con:assertion>
        <con:assertion type="Response SLA Assertion" id="91a2822d-e6df-44fc-94d3-bd760b10db7a" name="Response SLA">
          <con:configuration>
            <SLA>200</SLA>
          </con:configuration>
        </con:assertion>
        <con:assertion type="DataAndMetadataAssertion" id="155eb90f-0bc5-4c9c-99a9-988eaa68845c" name="Smart Assertion">
          <con:configuration xsi:type="con:DataAndMetadataAssertion">
            <con:mode>Received Data</con:mode>
            <con:elements>
              <con:path>$['Title']</con:path>
              <con:element>Title</con:element>
              <con:operatorId>1</con:operatorId>
              <con:enabled>false</con:enabled>
              <con:expectedValue>The Matrix</con:expectedValue>
              <con:caseSensitive>true</con:caseSensitive>
              <con:numberType>false</con:numberType>
              <con:expectedDataType>1</con:expectedDataType>
            </con:elements>
            <con:elements>
              <con:path>$['Year']</con:path>
              <con:element>Year</con:element>
              <con:operatorId>1</con:operatorId>
              <con:enabled>false</con:enabled>
              <con:expectedValue>1999</con:expectedValue>
              <con:caseSensitive>true</con:caseSensitive>
              <con:numberType>false</con:numberType>
              <con:expectedDataType>1</con:expectedDataType>
            </con:elements>
            <con:elements>
              <con:path>$['Rated']</con:path>
              <con:element>Rated</con:element>
              <con:operatorId>1</con:operatorId>
              <con:enabled>false</con:enabled>
              <con:expectedValue>R</con:expectedValue>
              <con:caseSensitive>true</con:caseSensitive>
              <con:numberType>false</con:numberType>
              <con:expectedDataType>1</con:expectedDataType>
            </con:elements>
            <con:elements>
              <con:path>$['Released']</con:path>
              <con:element>Released</con:element>
              <con:operatorId>1</con:operatorId>
              <con:enabled>false</con:enabled>
              <con:expectedValue>31 Mar 1999</con:expectedValue>
              <con:caseSensitive>true</con:caseSensitive>
              <con:numberType>false</con:numberType>
              <con:expectedDataType>1</con:expectedDataType>
            </con:elements>
            <con:elements>
              <con:path>$['Runtime']</con:path>
              <con:element>Runtime</con:element>
              <con:operatorId>1</con:operatorId>
              <con:enabled>false</con:enabled>
              <con:expectedValue>136 min</con:expectedValue>
              <con:caseSensitive>true</con:caseSensitive>
              <con:numberType>false</con:numberType>
              <con:expectedDataType>1</con:expectedDataType>
            </con:elements>
            <con:elements>
              <con:path>$['Genre']</con:path>
              <con:element>Genre</con:element>
              <con:operatorId>1</con:operatorId>
              <con:enabled>false</con:enabled>
              <con:expectedValue>Action, Sci-Fi</con:expectedValue>
              <con:caseSensitive>true</con:caseSensitive>
              <con:numberType>false</con:numberType>
              <con:expectedDataType>1</con:expectedDataType>
            </con:elements>
            <con:elements>
              <con:path>$['Director']</con:path>
              <con:element>Director</con:element>
              <con:operatorId>1</con:operatorId>
              <con:enabled>false</con:enabled>
              <con:expectedValue>Lana Wachowski, Lilly Wachowski</con:expectedValue>
              <con:caseSensitive>true</con:caseSensitive>
              <con:numberType>false</con:numberType>
              <con:expectedDataType>1</con:expectedDataType>
            </con:elements>
            <con:elements>
              <con:path>$['Writer']</con:path>
              <con:element>Writer</con:element>
              <con:operatorId>1</con:operatorId>
              <con:enabled>false</con:enabled>
              <con:expectedValue>Lilly Wachowski, Lana Wachowski</con:expectedValue>
              <con:caseSensitive>true</con:caseSensitive>
              <con:numberType>false</con:numberType>
              <con:expectedDataType>1</con:expectedDataType>
            </con:elements>
            <con:elements>
              <con:path>$['Actors']</con:path>
              <con:element>Actors</con:element>
              <con:operatorId>13</con:operatorId>
              <con:enabled>true</con:enabled>
              <con:expectedValue>${#TestCase#TC_Actor}</con:expectedValue>
              <con:caseSensitive>true</con:caseSensitive>
              <con:numberType>false</con:numberType>
              <con:expectedDataType>1</con:expectedDataType>
            </con:elements>
            <con:elements>
              <con:path>$['Plot']</con:path>
              <con:element>Plot</con:element>
              <con:operatorId>1</con:operatorId>
              <con:enabled>false</con:enabled>
              <con:expectedValue>When a beautiful stranger leads computer hacker Neo to a forbidding underworld, he discovers the shocking truth--the life he knows is the elaborate deception of an evil cyber-intelligence.</con:expectedValue>
              <con:caseSensitive>true</con:caseSensitive>
              <con:numberType>false</con:numberType>
              <con:expectedDataType>1</con:expectedDataType>
            </con:elements>
            <con:elements>
              <con:path>$['Language']</con:path>
              <con:element>Language</con:element>
              <con:operatorId>1</con:operatorId>
              <con:enabled>false</con:enabled>
              <con:expectedValue>English</con:expectedValue>
              <con:caseSensitive>true</con:caseSensitive>
              <con:numberType>false</con:numberType>
              <con:expectedDataType>1</con:expectedDataType>
            </con:elements>
            <con:elements>
              <con:path>$['Country']</con:path>
              <con:element>Country</con:element>
              <con:operatorId>1</con:operatorId>
              <con:enabled>false</con:enabled>
              <con:expectedValue>United States, Australia</con:expectedValue>
              <con:caseSensitive>true</con:caseSensitive>
              <con:numberType>false</con:numberType>
              <con:expectedDataType>1</con:expectedDataType>
            </con:elements>
            <con:elements>
              <con:path>$['Awards']</con:path>
              <con:element>Awards</con:element>
              <con:operatorId>1</con:operatorId>
              <con:enabled>false</con:enabled>
              <con:expectedValue>Won 4 Oscars. 42 wins &amp; 52 nominations total</con:expectedValue>
              <con:caseSensitive>true</con:caseSensitive>
              <con:numberType>false</con:numberType>
              <con:expectedDataType>1</con:expectedDataType>
            </con:elements>
            <con:elements>
              <con:path>$['Poster']</con:path>
              <con:element>Poster</con:element>
              <con:operatorId>1</con:operatorId>
              <con:enabled>false</con:enabled>
              <con:expectedValue>https://m.media-amazon.com/images/M/MV5BNzQzOTk3OTAtNDQ0Zi00ZTVkLWI0MTEtMDllZjNkYzNjNTc4L2ltYWdlXkEyXkFqcGdeQXVyNjU0OTQ0OTY@._V1_SX300.jpg</con:expectedValue>
              <con:caseSensitive>true</con:caseSensitive>
              <con:numberType>false</con:numberType>
              <con:expectedDataType>1</con:expectedDataType>
            </con:elements>
            <con:elements>
              <con:path>$['Ratings'][0]['Source']</con:path>
              <con:element>Source</con:element>
              <con:operatorId>1</con:operatorId>
              <con:enabled>false</con:enabled>
              <con:expectedValue>Internet Movie Database</con:expectedValue>
              <con:caseSensitive>true</con:caseSensitive>
              <con:numberType>false</con:numberType>
              <con:expectedDataType>1</con:expectedDataType>
            </con:elements>
            <con:elements>
              <con:path>$['Ratings'][0]['Value']</con:path>
              <con:element>Value</con:element>
              <con:operatorId>1</con:operatorId>
              <con:enabled>false</con:enabled>
              <con:expectedValue>8.7/10</con:expectedValue>
              <con:caseSensitive>true</con:caseSensitive>
              <con:numberType>false</con:numberType>
              <con:expectedDataType>1</con:expectedDataType>
            </con:elements>
            <con:elements>
              <con:path>$['Ratings'][1]['Source']</con:path>
              <con:element>Source</con:element>
              <con:operatorId>1</con:operatorId>
              <con:enabled>false</con:enabled>
              <con:expectedValue>Rotten Tomatoes</con:expectedValue>
              <con:caseSensitive>true</con:caseSensitive>
              <con:numberType>false</con:numberType>
              <con:expectedDataType>1</con:expectedDataType>
            </con:elements>
            <con:elements>
              <con:path>$['Ratings'][1]['Value']</con:path>
              <con:element>Value</con:element>
              <con:operatorId>1</con:operatorId>
              <con:enabled>false</con:enabled>
              <con:expectedValue>88%</con:expectedValue>
              <con:caseSensitive>true</con:caseSensitive>
              <con:numberType>false</con:numberType>
              <con:expectedDataType>1</con:expectedDataType>
            </con:elements>
            <con:elements>
              <con:path>$['Ratings'][2]['Source']</con:path>
              <con:element>Source</con:element>
              <con:operatorId>1</con:operatorId>
              <con:enabled>false</con:enabled>
              <con:expectedValue>Metacritic</con:expectedValue>
              <con:caseSensitive>true</con:caseSensitive>
              <con:numberType>false</con:numberType>
              <con:expectedDataType>1</con:expectedDataType>
            </con:elements>
            <con:elements>
              <con:path>$['Ratings'][2]['Value']</con:path>
              <con:element>Value</con:element>
              <con:operatorId>1</con:operatorId>
              <con:enabled>false</con:enabled>
              <con:expectedValue>73/100</con:expectedValue>
              <con:caseSensitive>true</con:caseSensitive>
              <con:numberType>false</con:numberType>
              <con:expectedDataType>1</con:expectedDataType>
            </con:elements>
            <con:elements>
              <con:path>$['Metascore']</con:path>
              <con:element>Metascore</con:element>
              <con:operatorId>1</con:operatorId>
              <con:enabled>false</con:enabled>
              <con:expectedValue>73</con:expectedValue>
              <con:caseSensitive>true</con:caseSensitive>
              <con:numberType>false</con:numberType>
              <con:expectedDataType>1</con:expectedDataType>
            </con:elements>
            <con:elements>
              <con:path>$['imdbRating']</con:path>
              <con:element>imdbRating</con:element>
              <con:operatorId>1</con:operatorId>
              <con:enabled>false</con:enabled>
              <con:expectedValue>8.7</con:expectedValue>
              <con:caseSensitive>true</con:caseSensitive>
              <con:numberType>false</con:numberType>
              <con:expectedDataType>1</con:expectedDataType>
            </con:elements>
            <con:elements>
              <con:path>$['imdbVotes']</con:path>
              <con:element>imdbVotes</con:element>
              <con:operatorId>1</con:operatorId>
              <con:enabled>false</con:enabled>
              <con:expectedValue>1,938,258</con:expectedValue>
              <con:caseSensitive>true</con:caseSensitive>
              <con:numberType>false</con:numberType>
              <con:expectedDataType>1</con:expectedDataType>
            </con:elements>
            <con:elements>
              <con:path>$['imdbID']</con:path>
              <con:element>imdbID</con:element>
              <con:operatorId>1</con:operatorId>
              <con:enabled>false</con:enabled>
              <con:expectedValue>tt0133093</con:expectedValue>
              <con:caseSensitive>true</con:caseSensitive>
              <con:numberType>false</con:numberType>
              <con:expectedDataType>1</con:expectedDataType>
            </con:elements>
            <con:elements>
              <con:path>$['Type']</con:path>
              <con:element>Type</con:element>
              <con:operatorId>1</con:operatorId>
              <con:enabled>false</con:enabled>
              <con:expectedValue>movie</con:expectedValue>
              <con:caseSensitive>true</con:caseSensitive>
              <con:numberType>false</con:numberType>
              <con:expectedDataType>1</con:expectedDataType>
            </con:elements>
            <con:elements>
              <con:path>$['DVD']</con:path>
              <con:element>DVD</con:element>
              <con:operatorId>1</con:operatorId>
              <con:enabled>false</con:enabled>
              <con:expectedValue>15 May 2007</con:expectedValue>
              <con:caseSensitive>true</con:caseSensitive>
              <con:numberType>false</con:numberType>
              <con:expectedDataType>1</con:expectedDataType>
            </con:elements>
            <con:elements>
              <con:path>$['BoxOffice']</con:path>
              <con:element>BoxOffice</con:element>
              <con:operatorId>1</con:operatorId>
              <con:enabled>false</con:enabled>
              <con:expectedValue>$172,076,928</con:expectedValue>
              <con:caseSensitive>true</con:caseSensitive>
              <con:numberType>false</con:numberType>
              <con:expectedDataType>1</con:expectedDataType>
            </con:elements>
            <con:elements>
              <con:path>$['Production']</con:path>
              <con:element>Production</con:element>
              <con:operatorId>1</con:operatorId>
              <con:enabled>false</con:enabled>
              <con:expectedValue>N/A</con:expectedValue>
              <con:caseSensitive>true</con:caseSensitive>
              <con:numberType>false</con:numberType>
              <con:expectedDataType>1</con:expectedDataType>
            </con:elements>
            <con:elements>
              <con:path>$['Website']</con:path>
              <con:element>Website</con:element>
              <con:operatorId>1</con:operatorId>
              <con:enabled>false</con:enabled>
              <con:expectedValue>N/A</con:expectedValue>
              <con:caseSensitive>true</con:caseSensitive>
              <con:numberType>false</con:numberType>
              <con:expectedDataType>1</con:expectedDataType>
            </con:elements>
            <con:elements>
              <con:path>$['Response']</con:path>
              <con:element>Response</con:element>
              <con:operatorId>1</con:operatorId>
              <con:enabled>false</con:enabled>
              <con:expectedValue>True</con:expectedValue>
              <con:caseSensitive>true</con:caseSensitive>
              <con:numberType>false</con:numberType>
              <con:expectedDataType>1</con:expectedDataType>
            </con:elements>
            <con:originalMessage>{"Title":"The Matrix","Year":"1999","Rated":"R","Released":"31 Mar 1999","Runtime":"136 min","Genre":"Action, Sci-Fi","Director":"Lana Wachowski, Lilly Wachowski","Writer":"Lilly Wachowski, Lana Wachowski","Actors":"Keanu Reeves, Laurence Fishburne, Carrie-Anne Moss","Plot":"When a beautiful stranger leads computer hacker Neo to a forbidding underworld, he discovers the shocking truth--the life he knows is the elaborate deception of an evil cyber-intelligence.","Language":"English","Country":"United States, Australia","Awards":"Won 4 Oscars. 42 wins &amp; 52 nominations total","Poster":"https://m.media-amazon.com/images/M/MV5BNzQzOTk3OTAtNDQ0Zi00ZTVkLWI0MTEtMDllZjNkYzNjNTc4L2ltYWdlXkEyXkFqcGdeQXVyNjU0OTQ0OTY@._V1_SX300.jpg","Ratings":[{"Source":"Internet Movie Database","Value":"8.7/10"},{"Source":"Rotten Tomatoes","Value":"88%"},{"Source":"Metacritic","Value":"73/100"}],"Metascore":"73","imdbRating":"8.7","imdbVotes":"1,938,258","imdbID":"tt0133093","Type":"movie","DVD":"15 May 2007","BoxOffice":"$172,076,928","Production":"N/A","Website":"N/A","Response":"True"}</con:originalMessage>
          </con:configuration>
        </con:assertion>
        <con:credentials>
          <con:selectedAuthProfile>Inherit From Parent</con:selectedAuthProfile>
          <con:authType>No Authorization</con:authType>
        </con:credentials>
        <con:jmsConfig JMSDeliveryMode="PERSISTENT"/>
        <con:parameters>
          <con:entry key="t" value="${Data Source#Movie Title}"/>
          <con:entry key="apikey" value="fbfa51c9"/>
        </con:parameters>
        <con:parameterOrder>
          <con:entry>t</con:entry>
          <con:entry>y</con:entry>
          <con:entry>type</con:entry>
          <con:entry>plot</con:entry>
          <con:entry>r</con:entry>
          <con:entry>callback</con:entry>
          <con:entry>apikey</con:entry>
        </con:parameterOrder>
      </con:restRequest>
    </con:config>
  </con:testStep>
  <con:testStep type="restrequest" name="getMovieByID" id="3d5fd22d-b6fb-4324-b62c-738d27f7b3fb">
    <con:settings/>
    <con:config service="OMDb API" methodName="getId" resourcePath="/?i" xsi:type="con:RestRequestStep" xmlns:xsi="http://www.w3.org/2001/XMLSchema-instance">
      <con:restRequest name="getMovieByID" id="6ea266df-5b6e-47f9-b6d1-349b029f460c" mediaType="application/json">
        <con:settings>
          <con:setting id="com.eviware.soapui.impl.wsdl.WsdlRequest@request-headers">&lt;xml-fragment/></con:setting>
        </con:settings>
        <con:encoding>UTF-8</con:encoding>
        <con:endpoint>http://omdbapi.com</con:endpoint>
        <con:request/>
        <con:originalUri>http://omdbapi.com/</con:originalUri>
        <con:assertion type="Valid HTTP Status Codes" id="8e6684c3-431a-4332-97ee-1defde4576b5" name="Valid HTTP Status Codes">
          <con:settings/>
          <con:configuration>
            <codes>200</codes>
          </con:configuration>
        </con:assertion>
        <con:assertion type="JsonPath Match" id="5eac9249-81f4-444a-8cc8-ce33b15b15b7" name="Match content of [Title]">
          <con:configuration>
            <path>$['Title']</path>
            <content>${getMovieByTitle#Response#$['Title']}</content>
            <allowWildcards>false</allowWildcards>
            <ignoreNamspaceDifferences>false</ignoreNamspaceDifferences>
            <ignoreComments>false</ignoreComments>
          </con:configuration>
        </con:assertion>
        <con:assertion type="Response SLA Assertion" id="f7d065c0-4095-4093-b165-f54f5e34209f" name="Response SLA">
          <con:configuration>
            <SLA>300</SLA>
          </con:configuration>
        </con:assertion>
        <con:credentials>
          <con:selectedAuthProfile>No Authorization</con:selectedAuthProfile>
          <con:authType>No Authorization</con:authType>
        </con:credentials>
        <con:jmsConfig JMSDeliveryMode="PERSISTENT"/>
        <con:parameters>
          <con:entry key="apikey" value="fbfa51c9"/>
          <con:entry key="i" value="${getMovieByTitle#Response#$['imdbID']}"/>
        </con:parameters>
      </con:restRequest>
    </con:config>
  </con:testStep>
  <con:testStep type="delay" name="Delay" id="798ba26a-fdd4-4c55-9180-f7389c6bb9f1">
    <con:settings/>
    <con:config>
      <delay>200</delay>
    </con:config>
  </con:testStep>
  <con:testStep type="datasourceloop" name="Data Source Loop" id="d5295640-b51b-4654-b80b-7b08f47e36be">
    <con:settings/>
    <con:config>
      <dataSourceStep>Data Source</dataSourceStep>
      <targetStep>getMovieByTitle</targetStep>
      <discardResults>false</discardResults>
    </con:config>
  </con:testStep>
  <con:properties>
    <con:property>
      <con:name>TC_Actor</con:name>
      <con:value>Nicolas Cage</con:value>
    </con:property>
  </con:properties>
  <con:reportParameters/>
  <con:breakPoints>
    <con:testStepId>f478d91e-a82f-44e2-87a6-07d6b62d3e20</con:testStepId>
    <con:status>NONE</con:status>
    <con:properties/>
  </con:breakPoints>
  <con:breakPoints>
    <con:testStepId>30b8dc88-3fcf-444a-824d-045432317087</con:testStepId>
    <con:status>NONE</con:status>
    <con:properties/>
  </con:breakPoints>
  <con:breakPoints>
    <con:testStepId>3d5fd22d-b6fb-4324-b62c-738d27f7b3fb</con:testStepId>
    <con:status>NONE</con:status>
    <con:properties/>
  </con:breakPoints>
  <con:breakPoints>
    <con:testStepId>798ba26a-fdd4-4c55-9180-f7389c6bb9f1</con:testStepId>
    <con:status>NONE</con:status>
    <con:properties/>
  </con:breakPoints>
  <con:breakPoints>
    <con:testStepId>d5295640-b51b-4654-b80b-7b08f47e36be</con:testStepId>
    <con:status>NONE</con:status>
    <con:properties/>
  </con:breakPoints>
</con:testCase>
